<?xml version="1.0" encoding="UTF-8"?>
<testng-results ignored="0" total="1" passed="1" failed="0" skipped="0">
  <reporter-output>
  </reporter-output>
  <suite started-at="2021-09-02T12:07:54Z" name="Default suite" finished-at="2021-09-02T12:07:57Z" duration-ms="2848">
    <groups>
    </groups>
    <test started-at="2021-09-02T12:07:54Z" name="Default test" finished-at="2021-09-02T12:07:57Z" duration-ms="2848">
      <class name="selenium.Example">
        <test-method signature="f()[pri:0, instance:selenium.Example@135606db]" started-at="2021-09-02T17:37:54Z" name="f" finished-at="2021-09-02T17:37:57Z" duration-ms="2831" status="PASS">
          <reporter-output>
          </reporter-output>
        </test-method> <!-- f -->
      </class> <!-- selenium.Example -->
    </test> <!-- Default test -->
  </suite> <!-- Default suite -->
</testng-results>
